Flow report for pwm_ARM
Wed May 28 16:52:06 2014
Quartus II 64-Bit Version 13.1.4 Build 182 03/12/2014 SJ Full Version


---------------------
; Table of Contents ;
---------------------
  1. Legal Notice
  2. Flow Summary
  3. Flow Settings
  4. Flow Non-Default Global Settings
  5. Flow Elapsed Time
  6. Flow OS Summary
  7. Flow Log
  8. Flow Messages
  9. Flow Suppressed Messages



----------------
; Legal Notice ;
----------------
Copyright (C) 1991-2014 Altera Corporation
Your use of Altera Corporation's design tools, logic functions 
and other software and tools, and its AMPP partner logic 
functions, and any output files from any of the foregoing 
(including device programming or simulation files), and any 
associated documentation or information are expressly subject 
to the terms and conditions of the Altera Program License 
Subscription Agreement, Altera MegaCore Function License 
Agreement, or other applicable license agreement, including, 
without limitation, that your use is for the sole purpose of 
programming logic devices manufactured by Altera and sold by 
Altera or its authorized distributors.  Please refer to the 
applicable agreement for further details.



+-------------------------------------------------------------------------------+
; Flow Summary                                                                  ;
+---------------------------------+---------------------------------------------+
; Flow Status                     ; Successful - Wed May 28 16:51:55 2014       ;
; Quartus II 64-Bit Version       ; 13.1.4 Build 182 03/12/2014 SJ Full Version ;
; Revision Name                   ; pwm_ARM                                     ;
; Top-level Entity Name           ; pwm_ARM                                     ;
; Family                          ; Cyclone V                                   ;
; Device                          ; 5CGXFC3B6U19C7                              ;
; Timing Models                   ; Final                                       ;
; Logic utilization (in ALMs)     ; 147 / 13,460 ( 1 % )                        ;
; Total registers                 ; 246                                         ;
; Total pins                      ; 28 / 222 ( 13 % )                           ;
; Total virtual pins              ; 0                                           ;
; Total block memory bits         ; 0 / 1,382,400 ( 0 % )                       ;
; Total DSP Blocks                ; 0 / 57 ( 0 % )                              ;
; Total HSSI RX PCSs              ; 0 / 3 ( 0 % )                               ;
; Total HSSI PMA RX Deserializers ; 0 / 3 ( 0 % )                               ;
; Total HSSI TX PCSs              ; 0 / 3 ( 0 % )                               ;
; Total HSSI TX Channels          ; 0 / 3 ( 0 % )                               ;
; Total PLLs                      ; 1 / 7 ( 14 % )                              ;
; Total DLLs                      ; 0 / 3 ( 0 % )                               ;
+---------------------------------+---------------------------------------------+


+-----------------------------------------+
; Flow Settings                           ;
+-------------------+---------------------+
; Option            ; Setting             ;
+-------------------+---------------------+
; Start date & time ; 05/28/2014 16:51:12 ;
; Main task         ; Compilation         ;
; Revision Name     ; pwm_ARM             ;
+-------------------+---------------------+


+---------------------------------------------------------------------------------------------------------------------+
; Flow Non-Default Global Settings                                                                                    ;
+-------------------------------------+--------------------------------+---------------+-------------+----------------+
; Assignment Name                     ; Value                          ; Default Value ; Entity Name ; Section Id     ;
+-------------------------------------+--------------------------------+---------------+-------------+----------------+
; COMPILER_SIGNATURE_ID               ; 44051260208453.140129227213878 ; --            ; --          ; --             ;
; IP_TOOL_NAME                        ; ALTPLL                         ; --            ; --          ; --             ;
; IP_TOOL_VERSION                     ; 9.1                            ; --            ; --          ; --             ;
; MAX_CORE_JUNCTION_TEMP              ; 85                             ; --            ; --          ; --             ;
; MIN_CORE_JUNCTION_TEMP              ; 0                              ; --            ; --          ; --             ;
; MISC_FILE                           ; ram_pll.bsf                    ; --            ; --          ; --             ;
; MISC_FILE                           ; ram_pll.ppf                    ; --            ; --          ; --             ;
; PARTITION_COLOR                     ; 16764057                       ; --            ; --          ; Top            ;
; PARTITION_FITTER_PRESERVATION_LEVEL ; PLACEMENT_AND_ROUTING          ; --            ; --          ; Top            ;
; PARTITION_NETLIST_TYPE              ; SOURCE                         ; --            ; --          ; Top            ;
; USE_GENERATED_PHYSICAL_CONSTRAINTS  ; Off                            ; --            ; --          ; eda_blast_fpga ;
+-------------------------------------+--------------------------------+---------------+-------------+----------------+


+-------------------------------------------------------------------------------------------------------------------------------+
; Flow Elapsed Time                                                                                                             ;
+---------------------------+--------------+-------------------------+---------------------+------------------------------------+
; Module Name               ; Elapsed Time ; Average Processors Used ; Peak Virtual Memory ; Total CPU Time (on all processors) ;
+---------------------------+--------------+-------------------------+---------------------+------------------------------------+
; Analysis & Synthesis      ; 00:00:01     ; 1.0                     ; 765 MB              ; 00:00:02                           ;
; Fitter                    ; 00:00:26     ; 1.7                     ; 1499 MB             ; 00:00:33                           ;
; Assembler                 ; 00:00:05     ; 1.0                     ; 772 MB              ; 00:00:04                           ;
; TimeQuest Timing Analyzer ; 00:00:06     ; 1.0                     ; 1065 MB             ; 00:00:08                           ;
; Total                     ; 00:00:38     ; --                      ; --                  ; 00:00:47                           ;
+---------------------------+--------------+-------------------------+---------------------+------------------------------------+


+-------------------------------------------------------------------------------------------+
; Flow OS Summary                                                                           ;
+---------------------------+------------------+--------------+------------+----------------+
; Module Name               ; Machine Hostname ; OS Name      ; OS Version ; Processor type ;
+---------------------------+------------------+--------------+------------+----------------+
; Analysis & Synthesis      ; bort-Lab         ; Ubuntu 12.10 ; 12         ; x86_64         ;
; Fitter                    ; bort-Lab         ; Ubuntu 12.10 ; 12         ; x86_64         ;
; Assembler                 ; bort-Lab         ; Ubuntu 12.10 ; 12         ; x86_64         ;
; TimeQuest Timing Analyzer ; bort-Lab         ; Ubuntu 12.10 ; 12         ; x86_64         ;
+---------------------------+------------------+--------------+------------+----------------+


------------
; Flow Log ;
------------
quartus_map --read_settings_files=on --write_settings_files=off pwm_ARM -c pwm_ARM
quartus_fit --read_settings_files=off --write_settings_files=off pwm_ARM -c pwm_ARM
quartus_asm --read_settings_files=off --write_settings_files=off pwm_ARM -c pwm_ARM
quartus_sta pwm_ARM -c pwm_ARM



